<?xml version="1.0" encoding="UTF-8"?>
<!-- Generated by org.testng.reporters.JUnitReportReporter -->
<testsuite hostname="YatamPakkiraReddy" failures="0" tests="1" name="flipKartScenarios.WinterHeaterProduct" time="13.704" errors="0" timestamp="2023-01-25T09:51:18 IST" skipped="0">
  <testcase classname="flipKartScenarios.WinterHeaterProduct" name="addToCartTest" time="13.704"/>
  <system-out/>
</testsuite> <!-- flipKartScenarios.WinterHeaterProduct -->
