<?xml version="1.0" encoding="UTF-8"?>
<!-- Generated by org.testng.reporters.JUnitReportReporter -->
<testsuite hostname="YatamPakkiraReddy" failures="0" tests="1" name="flipKartScenarios.Redmi4gbRAM" time="13.091" errors="0" timestamp="2023-01-25T12:36:54 IST" skipped="0">
  <testcase classname="flipKartScenarios.Redmi4gbRAM" name="redmi4gbRamTest" time="13.091"/>
  <system-out/>
</testsuite> <!-- flipKartScenarios.Redmi4gbRAM -->
